<?xml version="1.0" encoding="UTF-8"?>
<coverage generated="1587057337852" clover="3.2.0">
  <project timestamp="1587057337852" name="All files">
    <metrics statements="49" coveredstatements="49" conditionals="34" coveredconditionals="34" methods="9" coveredmethods="9" elements="92" coveredelements="92" complexity="0" loc="49" ncloc="49" packages="1" files="1" classes="1"/>
    <file name="main.js" path="/Users/josh/Desktop/haiku-checker/src/main.js">
      <metrics statements="49" coveredstatements="49" conditionals="34" coveredconditionals="34" methods="9" coveredmethods="9"/>
      <line num="8" count="12" type="stmt"/>
      <line num="9" count="12" type="stmt"/>
      <line num="10" count="12" type="stmt"/>
      <line num="13" count="18" type="stmt"/>
      <line num="14" count="18" type="stmt"/>
      <line num="17" count="7" type="stmt"/>
      <line num="18" count="7" type="cond" truecount="2" falsecount="0"/>
      <line num="19" count="5" type="stmt"/>
      <line num="20" count="2" type="stmt"/>
      <line num="23" count="4" type="stmt"/>
      <line num="24" count="4" type="cond" truecount="2" falsecount="0"/>
      <line num="25" count="3" type="stmt"/>
      <line num="26" count="1" type="stmt"/>
      <line num="29" count="31" type="stmt"/>
      <line num="30" count="31" type="stmt"/>
      <line num="31" count="31" type="stmt"/>
      <line num="32" count="31" type="cond" truecount="2" falsecount="0"/>
      <line num="33" count="8" type="stmt"/>
      <line num="35" count="23" type="stmt"/>
      <line num="36" count="131" type="cond" truecount="2" falsecount="0"/>
      <line num="38" count="45" type="cond" truecount="2" falsecount="0"/>
      <line num="39" count="8" type="cond" truecount="2" falsecount="0"/>
      <line num="40" count="3" type="stmt"/>
      <line num="42" count="37" type="cond" truecount="2" falsecount="0"/>
      <line num="46" count="2" type="stmt"/>
      <line num="47" count="2" type="stmt"/>
      <line num="48" count="35" type="cond" truecount="2" falsecount="0"/>
      <line num="49" count="3" type="stmt"/>
      <line num="50" count="3" type="stmt"/>
      <line num="51" count="32" type="cond" truecount="2" falsecount="0"/>
      <line num="58" count="31" type="stmt"/>
      <line num="63" count="31" type="stmt"/>
      <line num="66" count="3" type="cond" truecount="2" falsecount="0"/>
      <line num="71" count="2" type="stmt"/>
      <line num="72" count="2" type="stmt"/>
      <line num="73" count="2" type="stmt"/>
      <line num="74" count="2" type="stmt"/>
      <line num="75" count="2" type="stmt"/>
      <line num="76" count="2" type="stmt"/>
      <line num="77" count="2" type="stmt"/>
      <line num="78" count="9" type="stmt"/>
      <line num="80" count="2" type="stmt"/>
      <line num="81" count="12" type="stmt"/>
      <line num="83" count="2" type="stmt"/>
      <line num="84" count="6" type="stmt"/>
      <line num="87" count="2" type="cond" truecount="2" falsecount="0"/>
      <line num="92" count="1" type="stmt"/>
      <line num="94" count="1" type="stmt"/>
      <line num="97" count="1" type="stmt"/>
    </file>
  </project>
</coverage>
