{"/Users/josh/Desktop/haiku-checker/src/main.js": {"path":"/Users/josh/Desktop/haiku-checker/src/main.js","statementMap":{"0":{"start":{"line":8,"column":4},"end":{"line":8,"column":27}},"1":{"start":{"line":9,"column":4},"end":{"line":9,"column":28}},"2":{"start":{"line":10,"column":4},"end":{"line":10,"column":27}},"3":{"start":{"line":13,"column":20},"end":{"line":13,"column":35}},"4":{"start":{"line":14,"column":4},"end":{"line":14,"column":21}},"5":{"start":{"line":17,"column":20},"end":{"line":17,"column":41}},"6":{"start":{"line":18,"column":4},"end":{"line":20,"column":24}},"7":{"start":{"line":19,"column":6},"end":{"line":19,"column":18}},"8":{"start":{"line":20,"column":11},"end":{"line":20,"column":24}},"9":{"start":{"line":23,"column":20},"end":{"line":23,"column":41}},"10":{"start":{"line":24,"column":4},"end":{"line":26,"column":24}},"11":{"start":{"line":25,"column":6},"end":{"line":25,"column":18}},"12":{"start":{"line":26,"column":11},"end":{"line":26,"column":24}},"13":{"start":{"line":29,"column":19},"end":{"line":29,"column":49}},"14":{"start":{"line":30,"column":4},"end":{"line":30,"column":28}},"15":{"start":{"line":31,"column":18},"end":{"line":31,"column":19}},"16":{"start":{"line":32,"column":4},"end":{"line":62,"column":5}},"17":{"start":{"line":33,"column":6},"end":{"line":33,"column":18}},"18":{"start":{"line":35,"column":6},"end":{"line":61,"column":7}},"19":{"start":{"line":35,"column":19},"end":{"line":35,"column":20}},"20":{"start":{"line":36,"column":8},"end":{"line":60,"column":9}},"21":{"start":{"line":38,"column":10},"end":{"line":59,"column":11}},"22":{"start":{"line":39,"column":12},"end":{"line":41,"column":13}},"23":{"start":{"line":40,"column":14},"end":{"line":40,"column":24}},"24":{"start":{"line":42,"column":17},"end":{"line":59,"column":11}},"25":{"start":{"line":46,"column":12},"end":{"line":46,"column":22}},"26":{"start":{"line":47,"column":12},"end":{"line":47,"column":19}},"27":{"start":{"line":48,"column":17},"end":{"line":59,"column":11}},"28":{"start":{"line":49,"column":12},"end":{"line":49,"column":22}},"29":{"start":{"line":50,"column":12},"end":{"line":50,"column":16}},"30":{"start":{"line":51,"column":17},"end":{"line":59,"column":11}},"31":{"start":{"line":58,"column":12},"end":{"line":58,"column":22}},"32":{"start":{"line":63,"column":4},"end":{"line":63,"column":19}},"33":{"start":{"line":66,"column":4},"end":{"line":98,"column":5}},"34":{"start":{"line":71,"column":23},"end":{"line":71,"column":54}},"35":{"start":{"line":72,"column":23},"end":{"line":72,"column":55}},"36":{"start":{"line":73,"column":23},"end":{"line":73,"column":54}},"37":{"start":{"line":74,"column":27},"end":{"line":74,"column":28}},"38":{"start":{"line":75,"column":27},"end":{"line":75,"column":28}},"39":{"start":{"line":76,"column":27},"end":{"line":76,"column":28}},"40":{"start":{"line":77,"column":6},"end":{"line":79,"column":9}},"41":{"start":{"line":78,"column":8},"end":{"line":78,"column":52}},"42":{"start":{"line":80,"column":6},"end":{"line":82,"column":9}},"43":{"start":{"line":81,"column":8},"end":{"line":81,"column":52}},"44":{"start":{"line":83,"column":6},"end":{"line":85,"column":9}},"45":{"start":{"line":84,"column":8},"end":{"line":84,"column":52}},"46":{"start":{"line":87,"column":6},"end":{"line":95,"column":7}},"47":{"start":{"line":92,"column":8},"end":{"line":92,"column":20}},"48":{"start":{"line":94,"column":8},"end":{"line":94,"column":21}},"49":{"start":{"line":97,"column":6},"end":{"line":97,"column":19}}},"fnMap":{"0":{"name":"(anonymous_0)","decl":{"start":{"line":7,"column":2},"end":{"line":7,"column":3}},"loc":{"start":{"line":7,"column":35},"end":{"line":11,"column":3}},"line":7},"1":{"name":"(anonymous_1)","decl":{"start":{"line":12,"column":2},"end":{"line":12,"column":3}},"loc":{"start":{"line":12,"column":19},"end":{"line":15,"column":3}},"line":12},"2":{"name":"(anonymous_2)","decl":{"start":{"line":16,"column":2},"end":{"line":16,"column":3}},"loc":{"start":{"line":16,"column":25},"end":{"line":21,"column":3}},"line":16},"3":{"name":"(anonymous_3)","decl":{"start":{"line":22,"column":2},"end":{"line":22,"column":3}},"loc":{"start":{"line":22,"column":20},"end":{"line":27,"column":3}},"line":22},"4":{"name":"(anonymous_4)","decl":{"start":{"line":28,"column":2},"end":{"line":28,"column":3}},"loc":{"start":{"line":28,"column":22},"end":{"line":64,"column":3}},"line":28},"5":{"name":"(anonymous_5)","decl":{"start":{"line":65,"column":2},"end":{"line":65,"column":3}},"loc":{"start":{"line":65,"column":16},"end":{"line":99,"column":3}},"line":65},"6":{"name":"(anonymous_6)","decl":{"start":{"line":77,"column":25},"end":{"line":77,"column":26}},"loc":{"start":{"line":77,"column":35},"end":{"line":79,"column":7}},"line":77},"7":{"name":"(anonymous_7)","decl":{"start":{"line":80,"column":25},"end":{"line":80,"column":26}},"loc":{"start":{"line":80,"column":35},"end":{"line":82,"column":7}},"line":80},"8":{"name":"(anonymous_8)","decl":{"start":{"line":83,"column":25},"end":{"line":83,"column":26}},"loc":{"start":{"line":83,"column":35},"end":{"line":85,"column":7}},"line":83}},"branchMap":{"0":{"loc":{"start":{"line":18,"column":4},"end":{"line":20,"column":24}},"type":"if","locations":[{"start":{"line":18,"column":4},"end":{"line":20,"column":24}},{"start":{"line":18,"column":4},"end":{"line":20,"column":24}}],"line":18},"1":{"loc":{"start":{"line":24,"column":4},"end":{"line":26,"column":24}},"type":"if","locations":[{"start":{"line":24,"column":4},"end":{"line":26,"column":24}},{"start":{"line":24,"column":4},"end":{"line":26,"column":24}}],"line":24},"2":{"loc":{"start":{"line":32,"column":4},"end":{"line":62,"column":5}},"type":"if","locations":[{"start":{"line":32,"column":4},"end":{"line":62,"column":5}},{"start":{"line":32,"column":4},"end":{"line":62,"column":5}}],"line":32},"3":{"loc":{"start":{"line":36,"column":8},"end":{"line":60,"column":9}},"type":"if","locations":[{"start":{"line":36,"column":8},"end":{"line":60,"column":9}},{"start":{"line":36,"column":8},"end":{"line":60,"column":9}}],"line":36},"4":{"loc":{"start":{"line":38,"column":10},"end":{"line":59,"column":11}},"type":"if","locations":[{"start":{"line":38,"column":10},"end":{"line":59,"column":11}},{"start":{"line":38,"column":10},"end":{"line":59,"column":11}}],"line":38},"5":{"loc":{"start":{"line":39,"column":12},"end":{"line":41,"column":13}},"type":"if","locations":[{"start":{"line":39,"column":12},"end":{"line":41,"column":13}},{"start":{"line":39,"column":12},"end":{"line":41,"column":13}}],"line":39},"6":{"loc":{"start":{"line":42,"column":17},"end":{"line":59,"column":11}},"type":"if","locations":[{"start":{"line":42,"column":17},"end":{"line":59,"column":11}},{"start":{"line":42,"column":17},"end":{"line":59,"column":11}}],"line":42},"7":{"loc":{"start":{"line":43,"column":12},"end":{"line":44,"column":41}},"type":"binary-expr","locations":[{"start":{"line":43,"column":12},"end":{"line":43,"column":41}},{"start":{"line":44,"column":12},"end":{"line":44,"column":41}}],"line":43},"8":{"loc":{"start":{"line":48,"column":17},"end":{"line":59,"column":11}},"type":"if","locations":[{"start":{"line":48,"column":17},"end":{"line":59,"column":11}},{"start":{"line":48,"column":17},"end":{"line":59,"column":11}}],"line":48},"9":{"loc":{"start":{"line":51,"column":17},"end":{"line":59,"column":11}},"type":"if","locations":[{"start":{"line":51,"column":17},"end":{"line":59,"column":11}},{"start":{"line":51,"column":17},"end":{"line":59,"column":11}}],"line":51},"10":{"loc":{"start":{"line":52,"column":12},"end":{"line":55,"column":41}},"type":"binary-expr","locations":[{"start":{"line":52,"column":12},"end":{"line":52,"column":32}},{"start":{"line":53,"column":12},"end":{"line":53,"column":26}},{"start":{"line":54,"column":12},"end":{"line":54,"column":30}},{"start":{"line":55,"column":12},"end":{"line":55,"column":41}}],"line":52},"11":{"loc":{"start":{"line":66,"column":4},"end":{"line":98,"column":5}},"type":"if","locations":[{"start":{"line":66,"column":4},"end":{"line":98,"column":5}},{"start":{"line":66,"column":4},"end":{"line":98,"column":5}}],"line":66},"12":{"loc":{"start":{"line":67,"column":6},"end":{"line":69,"column":39}},"type":"binary-expr","locations":[{"start":{"line":67,"column":6},"end":{"line":67,"column":43}},{"start":{"line":68,"column":6},"end":{"line":68,"column":43}},{"start":{"line":69,"column":6},"end":{"line":69,"column":39}}],"line":67},"13":{"loc":{"start":{"line":87,"column":6},"end":{"line":95,"column":7}},"type":"if","locations":[{"start":{"line":87,"column":6},"end":{"line":95,"column":7}},{"start":{"line":87,"column":6},"end":{"line":95,"column":7}}],"line":87},"14":{"loc":{"start":{"line":88,"column":8},"end":{"line":90,"column":28}},"type":"binary-expr","locations":[{"start":{"line":88,"column":8},"end":{"line":88,"column":28}},{"start":{"line":89,"column":8},"end":{"line":89,"column":28}},{"start":{"line":90,"column":8},"end":{"line":90,"column":28}}],"line":88}},"s":{"0":12,"1":12,"2":12,"3":18,"4":18,"5":7,"6":7,"7":5,"8":2,"9":4,"10":4,"11":3,"12":1,"13":31,"14":31,"15":31,"16":31,"17":8,"18":23,"19":23,"20":131,"21":45,"22":8,"23":3,"24":37,"25":2,"26":2,"27":35,"28":3,"29":3,"30":32,"31":31,"32":31,"33":3,"34":2,"35":2,"36":2,"37":2,"38":2,"39":2,"40":2,"41":9,"42":2,"43":12,"44":2,"45":6,"46":2,"47":1,"48":1,"49":1},"f":{"0":12,"1":18,"2":7,"3":4,"4":31,"5":3,"6":9,"7":12,"8":6},"b":{"0":[5,2],"1":[3,1],"2":[8,23],"3":[45,86],"4":[8,37],"5":[3,5],"6":[2,35],"7":[37,5],"8":[3,32],"9":[1,31],"10":[32,3,1,1],"11":[2,1],"12":[3,2,2],"13":[1,1],"14":[2,1,1]},"_coverageSchema":"43e27e138ebf9cfc5966b082cf9a028302ed4184","hash":"c2d2db4ed1b761d9884331250f0216a9f9e71950"}
}
