TN:
SF:/Users/josh/Desktop/haiku-checker/src/main.js
FN:7,(anonymous_0)
FN:12,(anonymous_1)
FN:16,(anonymous_2)
FN:22,(anonymous_3)
FN:28,(anonymous_4)
FN:65,(anonymous_5)
FN:77,(anonymous_6)
FN:80,(anonymous_7)
FN:83,(anonymous_8)
FNF:9
FNH:9
FNDA:12,(anonymous_0)
FNDA:18,(anonymous_1)
FNDA:7,(anonymous_2)
FNDA:4,(anonymous_3)
FNDA:31,(anonymous_4)
FNDA:3,(anonymous_5)
FNDA:9,(anonymous_6)
FNDA:12,(anonymous_7)
FNDA:6,(anonymous_8)
DA:8,12
DA:9,12
DA:10,12
DA:13,18
DA:14,18
DA:17,7
DA:18,7
DA:19,5
DA:20,2
DA:23,4
DA:24,4
DA:25,3
DA:26,1
DA:29,31
DA:30,31
DA:31,31
DA:32,31
DA:33,8
DA:35,23
DA:36,131
DA:38,45
DA:39,8
DA:40,3
DA:42,37
DA:46,2
DA:47,2
DA:48,35
DA:49,3
DA:50,3
DA:51,32
DA:58,31
DA:63,31
DA:66,3
DA:71,2
DA:72,2
DA:73,2
DA:74,2
DA:75,2
DA:76,2
DA:77,2
DA:78,9
DA:80,2
DA:81,12
DA:83,2
DA:84,6
DA:87,2
DA:92,1
DA:94,1
DA:97,1
LF:49
LH:49
BRDA:18,0,0,5
BRDA:18,0,1,2
BRDA:24,1,0,3
BRDA:24,1,1,1
BRDA:32,2,0,8
BRDA:32,2,1,23
BRDA:36,3,0,45
BRDA:36,3,1,86
BRDA:38,4,0,8
BRDA:38,4,1,37
BRDA:39,5,0,3
BRDA:39,5,1,5
BRDA:42,6,0,2
BRDA:42,6,1,35
BRDA:43,7,0,37
BRDA:43,7,1,5
BRDA:48,8,0,3
BRDA:48,8,1,32
BRDA:51,9,0,1
BRDA:51,9,1,31
BRDA:52,10,0,32
BRDA:52,10,1,3
BRDA:52,10,2,1
BRDA:52,10,3,1
BRDA:66,11,0,2
BRDA:66,11,1,1
BRDA:67,12,0,3
BRDA:67,12,1,2
BRDA:67,12,2,2
BRDA:87,13,0,1
BRDA:87,13,1,1
BRDA:88,14,0,2
BRDA:88,14,1,1
BRDA:88,14,2,1
BRF:34
BRH:34
end_of_record
